  [1m[36m (1.7ms)[0m  [1mCREATE TABLE "schema_migrations" ("version" varchar NOT NULL) [0m
  [1m[35m (0.1ms)[0m  select sqlite_version(*)
  [1m[36m (1.6ms)[0m  [1mCREATE UNIQUE INDEX "unique_schema_migrations" ON "schema_migrations" ("version")[0m
  [1m[35mActiveRecord::SchemaMigration Load (0.1ms)[0m  SELECT "schema_migrations".* FROM "schema_migrations"


Started GET "/" for ::1 at 2015-11-17 17:47:54 -0600
Processing by Rails::WelcomeController#index as HTML
  Rendered /Users/admin/.rvm/gems/ruby-2.1.2/gems/railties-4.2.3/lib/rails/templates/rails/welcome/index.html.erb (2.8ms)
Completed 200 OK in 27ms (Views: 19.4ms | ActiveRecord: 0.0ms)
  [1m[36mActiveRecord::SchemaMigration Load (0.1ms)[0m  [1mSELECT "schema_migrations".* FROM "schema_migrations"[0m
Migrating to CreateStudents (1)
  [1m[35m (0.1ms)[0m  begin transaction
  [1m[36m (0.4ms)[0m  [1mCREATE TABLE "students" ("id" INTEGER PRIMARY KEY AUTOINCREMENT NOT NULL, "first_name" varchar, "last_name" varchar, "created_at" datetime NOT NULL, "updated_at" datetime NOT NULL) [0m
  [1m[35mSQL (0.3ms)[0m  INSERT INTO "schema_migrations" ("version") VALUES (?)  [["version", "1"]]
  [1m[36m (1.4ms)[0m  [1mcommit transaction[0m
  [1m[35mActiveRecord::SchemaMigration Load (0.1ms)[0m  SELECT "schema_migrations".* FROM "schema_migrations"
  [1m[36m (0.1ms)[0m  [1mbegin transaction[0m
  [1m[35mSQL (0.3ms)[0m  INSERT INTO "students" ("first_name", "last_name", "created_at", "updated_at") VALUES (?, ?, ?, ?)  [["first_name", "Jordan"], ["last_name", "Hudgens"], ["created_at", "2015-11-18 00:10:55.545365"], ["updated_at", "2015-11-18 00:10:55.545365"]]
  [1m[36m (2.9ms)[0m  [1mcommit transaction[0m
  [1m[35mStudent Load (0.2ms)[0m  SELECT  "students".* FROM "students"  ORDER BY "students"."id" DESC LIMIT 1
  [1m[36m (0.1ms)[0m  [1mbegin transaction[0m
  [1m[35mSQL (0.3ms)[0m  INSERT INTO "students" ("created_at", "updated_at") VALUES (?, ?)  [["created_at", "2015-11-18 00:17:49.095449"], ["updated_at", "2015-11-18 00:17:49.095449"]]
  [1m[36m (1.2ms)[0m  [1mcommit transaction[0m
  [1m[35mStudent Load (0.2ms)[0m  SELECT  "students".* FROM "students"  ORDER BY "students"."id" DESC LIMIT 1
  [1m[36mActiveRecord::SchemaMigration Load (0.1ms)[0m  [1mSELECT "schema_migrations".* FROM "schema_migrations"[0m
  [1m[35mActiveRecord::SchemaMigration Load (0.1ms)[0m  SELECT "schema_migrations".* FROM "schema_migrations"


Started GET "/" for ::1 at 2015-11-18 13:36:42 -0600
  [1m[36mActiveRecord::SchemaMigration Load (0.1ms)[0m  [1mSELECT "schema_migrations".* FROM "schema_migrations"[0m
Processing by Rails::WelcomeController#index as HTML
  Rendered /Users/admin/.rvm/gems/ruby-2.1.2/gems/railties-4.2.3/lib/rails/templates/rails/welcome/index.html.erb (2.4ms)
Completed 200 OK in 39ms (Views: 24.5ms | ActiveRecord: 0.0ms)


Started GET "/" for ::1 at 2015-11-18 13:37:10 -0600
Processing by Rails::WelcomeController#index as HTML
  Rendered /Users/admin/.rvm/gems/ruby-2.1.2/gems/railties-4.2.3/lib/rails/templates/rails/welcome/index.html.erb (0.0ms)
Completed 200 OK in 1ms (Views: 0.7ms | ActiveRecord: 0.0ms)
  [1m[36mActiveRecord::SchemaMigration Load (0.5ms)[0m  [1mSELECT "schema_migrations".* FROM "schema_migrations"[0m
  [1m[35mActiveRecord::SchemaMigration Load (0.1ms)[0m  SELECT "schema_migrations".* FROM "schema_migrations"
  [1m[36mStudent Load (0.4ms)[0m  [1mSELECT  "students".* FROM "students"  ORDER BY "students"."id" DESC LIMIT 1[0m
  [1m[35mStudent Load (0.2ms)[0m  SELECT  "students".* FROM "students"  ORDER BY "students"."id" DESC LIMIT 1
  [1m[36m (0.1ms)[0m  [1mbegin transaction[0m
  [1m[35mSQL (0.6ms)[0m  DELETE FROM "students" WHERE "students"."id" = ?  [["id", 2]]
  [1m[36m (1.6ms)[0m  [1mcommit transaction[0m
  [1m[35mStudent Load (0.2ms)[0m  SELECT "students".* FROM "students"
DEPRECATION WARNING: Static attributes will be removed in FactoryBot 5.0. Please use dynamic
attributes instead by wrapping the attribute value in a block:

title { "Computer Science" }

To automatically update from static attributes to dynamic ones,
install rubocop-rspec and run:

rubocop \
  --require rubocop-rspec \
  --only FactoryBot/AttributeDefinedStatically \
  --auto-correct

. (called from block (2 levels) in <top (required)> at /home/stellar-founder-9737/rails-form_for-lab-noukod-000/spec/factories/school_classes.rb:3)
DEPRECATION WARNING: Static attributes will be removed in FactoryBot 5.0. Please use dynamic
attributes instead by wrapping the attribute value in a block:

room_number { 5 }

To automatically update from static attributes to dynamic ones,
install rubocop-rspec and run:

rubocop \
  --require rubocop-rspec \
  --only FactoryBot/AttributeDefinedStatically \
  --auto-correct

. (called from block (2 levels) in <top (required)> at /home/stellar-founder-9737/rails-form_for-lab-noukod-000/spec/factories/school_classes.rb:4)
DEPRECATION WARNING: Static attributes will be removed in FactoryBot 5.0. Please use dynamic
attributes instead by wrapping the attribute value in a block:

first_name { "Daenerys" }

To automatically update from static attributes to dynamic ones,
install rubocop-rspec and run:

rubocop \
  --require rubocop-rspec \
  --only FactoryBot/AttributeDefinedStatically \
  --auto-correct

. (called from block (2 levels) in <top (required)> at /home/stellar-founder-9737/rails-form_for-lab-noukod-000/spec/factories/students.rb:3)
DEPRECATION WARNING: Static attributes will be removed in FactoryBot 5.0. Please use dynamic
attributes instead by wrapping the attribute value in a block:

last_name { "Targaryen" }

To automatically update from static attributes to dynamic ones,
install rubocop-rspec and run:

rubocop \
  --require rubocop-rspec \
  --only FactoryBot/AttributeDefinedStatically \
  --auto-correct

. (called from block (2 levels) in <top (required)> at /home/stellar-founder-9737/rails-form_for-lab-noukod-000/spec/factories/students.rb:4)
DEPRECATION WARNING: Static attributes will be removed in FactoryBot 5.0. Please use dynamic
attributes instead by wrapping the attribute value in a block:

title { "Computer Science" }

To automatically update from static attributes to dynamic ones,
install rubocop-rspec and run:

rubocop \
  --require rubocop-rspec \
  --only FactoryBot/AttributeDefinedStatically \
  --auto-correct

. (called from block (2 levels) in <top (required)> at /home/stellar-founder-9737/rails-form_for-lab-noukod-000/spec/factories/school_classes.rb:3)
DEPRECATION WARNING: Static attributes will be removed in FactoryBot 5.0. Please use dynamic
attributes instead by wrapping the attribute value in a block:

room_number { 5 }

To automatically update from static attributes to dynamic ones,
install rubocop-rspec and run:

rubocop \
  --require rubocop-rspec \
  --only FactoryBot/AttributeDefinedStatically \
  --auto-correct

. (called from block (2 levels) in <top (required)> at /home/stellar-founder-9737/rails-form_for-lab-noukod-000/spec/factories/school_classes.rb:4)
DEPRECATION WARNING: Static attributes will be removed in FactoryBot 5.0. Please use dynamic
attributes instead by wrapping the attribute value in a block:

first_name { "Daenerys" }

To automatically update from static attributes to dynamic ones,
install rubocop-rspec and run:

rubocop \
  --require rubocop-rspec \
  --only FactoryBot/AttributeDefinedStatically \
  --auto-correct

. (called from block (2 levels) in <top (required)> at /home/stellar-founder-9737/rails-form_for-lab-noukod-000/spec/factories/students.rb:3)
DEPRECATION WARNING: Static attributes will be removed in FactoryBot 5.0. Please use dynamic
attributes instead by wrapping the attribute value in a block:

last_name { "Targaryen" }

To automatically update from static attributes to dynamic ones,
install rubocop-rspec and run:

rubocop \
  --require rubocop-rspec \
  --only FactoryBot/AttributeDefinedStatically \
  --auto-correct

. (called from block (2 levels) in <top (required)> at /home/stellar-founder-9737/rails-form_for-lab-noukod-000/spec/factories/students.rb:4)
DEPRECATION WARNING: Static attributes will be removed in FactoryBot 5.0. Please use dynamic
attributes instead by wrapping the attribute value in a block:

title { "Computer Science" }

To automatically update from static attributes to dynamic ones,
install rubocop-rspec and run:

rubocop \
  --require rubocop-rspec \
  --only FactoryBot/AttributeDefinedStatically \
  --auto-correct

. (called from block (2 levels) in <top (required)> at /home/stellar-founder-9737/rails-form_for-lab-noukod-000/spec/factories/school_classes.rb:3)
DEPRECATION WARNING: Static attributes will be removed in FactoryBot 5.0. Please use dynamic
attributes instead by wrapping the attribute value in a block:

room_number { 5 }

To automatically update from static attributes to dynamic ones,
install rubocop-rspec and run:

rubocop \
  --require rubocop-rspec \
  --only FactoryBot/AttributeDefinedStatically \
  --auto-correct

. (called from block (2 levels) in <top (required)> at /home/stellar-founder-9737/rails-form_for-lab-noukod-000/spec/factories/school_classes.rb:4)
DEPRECATION WARNING: Static attributes will be removed in FactoryBot 5.0. Please use dynamic
attributes instead by wrapping the attribute value in a block:

first_name { "Daenerys" }

To automatically update from static attributes to dynamic ones,
install rubocop-rspec and run:

rubocop \
  --require rubocop-rspec \
  --only FactoryBot/AttributeDefinedStatically \
  --auto-correct

. (called from block (2 levels) in <top (required)> at /home/stellar-founder-9737/rails-form_for-lab-noukod-000/spec/factories/students.rb:3)
DEPRECATION WARNING: Static attributes will be removed in FactoryBot 5.0. Please use dynamic
attributes instead by wrapping the attribute value in a block:

last_name { "Targaryen" }

To automatically update from static attributes to dynamic ones,
install rubocop-rspec and run:

rubocop \
  --require rubocop-rspec \
  --only FactoryBot/AttributeDefinedStatically \
  --auto-correct

. (called from block (2 levels) in <top (required)> at /home/stellar-founder-9737/rails-form_for-lab-noukod-000/spec/factories/students.rb:4)
  [1m[36mActiveRecord::SchemaMigration Load (0.2ms)[0m  [1mSELECT "schema_migrations".* FROM "schema_migrations"[0m
Migrating to SchoolClasses (20190121152613)
DEPRECATION WARNING: Static attributes will be removed in FactoryBot 5.0. Please use dynamic
attributes instead by wrapping the attribute value in a block:

title { "Computer Science" }

To automatically update from static attributes to dynamic ones,
install rubocop-rspec and run:

rubocop \
  --require rubocop-rspec \
  --only FactoryBot/AttributeDefinedStatically \
  --auto-correct

. (called from block (2 levels) in <top (required)> at /home/stellar-founder-9737/rails-form_for-lab-noukod-000/spec/factories/school_classes.rb:3)
DEPRECATION WARNING: Static attributes will be removed in FactoryBot 5.0. Please use dynamic
attributes instead by wrapping the attribute value in a block:

room_number { 5 }

To automatically update from static attributes to dynamic ones,
install rubocop-rspec and run:

rubocop \
  --require rubocop-rspec \
  --only FactoryBot/AttributeDefinedStatically \
  --auto-correct

. (called from block (2 levels) in <top (required)> at /home/stellar-founder-9737/rails-form_for-lab-noukod-000/spec/factories/school_classes.rb:4)
DEPRECATION WARNING: Static attributes will be removed in FactoryBot 5.0. Please use dynamic
attributes instead by wrapping the attribute value in a block:

first_name { "Daenerys" }

To automatically update from static attributes to dynamic ones,
install rubocop-rspec and run:

rubocop \
  --require rubocop-rspec \
  --only FactoryBot/AttributeDefinedStatically \
  --auto-correct

. (called from block (2 levels) in <top (required)> at /home/stellar-founder-9737/rails-form_for-lab-noukod-000/spec/factories/students.rb:3)
DEPRECATION WARNING: Static attributes will be removed in FactoryBot 5.0. Please use dynamic
attributes instead by wrapping the attribute value in a block:

last_name { "Targaryen" }

To automatically update from static attributes to dynamic ones,
install rubocop-rspec and run:

rubocop \
  --require rubocop-rspec \
  --only FactoryBot/AttributeDefinedStatically \
  --auto-correct

. (called from block (2 levels) in <top (required)> at /home/stellar-founder-9737/rails-form_for-lab-noukod-000/spec/factories/students.rb:4)
  [1m[36mActiveRecord::SchemaMigration Load (0.1ms)[0m  [1mSELECT "schema_migrations".* FROM "schema_migrations"[0m
Migrating to SchoolClasses (20190121152613)
  [1m[35m (0.1ms)[0m  begin transaction
  [1m[36m (0.4ms)[0m  [1mCREATE TABLE "school_classes" ("id" INTEGER PRIMARY KEY AUTOINCREMENT NOT NULL, "title" varchar, "room_number" integer, "created_at" datetime NOT NULL, "updated_at" datetime NOT NULL) [0m
  [1m[35mSQL (0.2ms)[0m  INSERT INTO "schema_migrations" ("version") VALUES (?)  [["version", "20190121152613"]]
  [1m[36m (3.6ms)[0m  [1mcommit transaction[0m
  [1m[35mActiveRecord::SchemaMigration Load (0.1ms)[0m  SELECT "schema_migrations".* FROM "schema_migrations"
DEPRECATION WARNING: Static attributes will be removed in FactoryBot 5.0. Please use dynamic
attributes instead by wrapping the attribute value in a block:

title { "Computer Science" }

To automatically update from static attributes to dynamic ones,
install rubocop-rspec and run:

rubocop \
  --require rubocop-rspec \
  --only FactoryBot/AttributeDefinedStatically \
  --auto-correct

. (called from block (2 levels) in <top (required)> at /home/stellar-founder-9737/rails-form_for-lab-noukod-000/spec/factories/school_classes.rb:3)
DEPRECATION WARNING: Static attributes will be removed in FactoryBot 5.0. Please use dynamic
attributes instead by wrapping the attribute value in a block:

room_number { 5 }

To automatically update from static attributes to dynamic ones,
install rubocop-rspec and run:

rubocop \
  --require rubocop-rspec \
  --only FactoryBot/AttributeDefinedStatically \
  --auto-correct

. (called from block (2 levels) in <top (required)> at /home/stellar-founder-9737/rails-form_for-lab-noukod-000/spec/factories/school_classes.rb:4)
DEPRECATION WARNING: Static attributes will be removed in FactoryBot 5.0. Please use dynamic
attributes instead by wrapping the attribute value in a block:

first_name { "Daenerys" }

To automatically update from static attributes to dynamic ones,
install rubocop-rspec and run:

rubocop \
  --require rubocop-rspec \
  --only FactoryBot/AttributeDefinedStatically \
  --auto-correct

. (called from block (2 levels) in <top (required)> at /home/stellar-founder-9737/rails-form_for-lab-noukod-000/spec/factories/students.rb:3)
DEPRECATION WARNING: Static attributes will be removed in FactoryBot 5.0. Please use dynamic
attributes instead by wrapping the attribute value in a block:

last_name { "Targaryen" }

To automatically update from static attributes to dynamic ones,
install rubocop-rspec and run:

rubocop \
  --require rubocop-rspec \
  --only FactoryBot/AttributeDefinedStatically \
  --auto-correct

. (called from block (2 levels) in <top (required)> at /home/stellar-founder-9737/rails-form_for-lab-noukod-000/spec/factories/students.rb:4)


Started GET "/" for 190.102.85.235 at 2019-01-21 16:41:36 +0000
  [1m[36mActiveRecord::SchemaMigration Load (0.1ms)[0m  [1mSELECT "schema_migrations".* FROM "schema_migrations"[0m
Processing by Rails::WelcomeController#index as HTML
  Rendered /usr/local/rvm/gems/ruby-2.3.1/gems/railties-4.2.11/lib/rails/templates/rails/welcome/index.html.erb (1.4ms)
Completed 200 OK in 17ms (Views: 8.9ms | ActiveRecord: 0.0ms)


Started GET "/school_classes" for 190.102.85.235 at 2019-01-21 16:42:00 +0000

ActionController::RoutingError (No route matches [GET] "/school_classes"):
  actionpack (4.2.11) lib/action_dispatch/middleware/debug_exceptions.rb:21:in `call'
  actionpack (4.2.11) lib/action_dispatch/middleware/show_exceptions.rb:30:in `call'
  railties (4.2.11) lib/rails/rack/logger.rb:38:in `call_app'
  railties (4.2.11) lib/rails/rack/logger.rb:20:in `block in call'
  activesupport (4.2.11) lib/active_support/tagged_logging.rb:68:in `block in tagged'
  activesupport (4.2.11) lib/active_support/tagged_logging.rb:26:in `tagged'
  activesupport (4.2.11) lib/active_support/tagged_logging.rb:68:in `tagged'
  railties (4.2.11) lib/rails/rack/logger.rb:20:in `call'
  actionpack (4.2.11) lib/action_dispatch/middleware/request_id.rb:21:in `call'
  rack (1.6.11) lib/rack/methodoverride.rb:22:in `call'
  rack (1.6.11) lib/rack/runtime.rb:18:in `call'
  activesupport (4.2.11) lib/active_support/cache/strategy/local_cache_middleware.rb:28:in `call'
  rack (1.6.11) lib/rack/lock.rb:17:in `call'
  actionpack (4.2.11) lib/action_dispatch/middleware/static.rb:120:in `call'
  rack (1.6.11) lib/rack/sendfile.rb:113:in `call'
  railties (4.2.11) lib/rails/engine.rb:518:in `call'
  railties (4.2.11) lib/rails/application.rb:165:in `call'
  rack (1.6.11) lib/rack/lock.rb:17:in `call'
  rack (1.6.11) lib/rack/content_length.rb:15:in `call'
  rack (1.6.11) lib/rack/handler/webrick.rb:88:in `service'
  /usr/local/rvm/rubies/ruby-2.3.1/lib/ruby/2.3.0/webrick/httpserver.rb:140:in `service'
  /usr/local/rvm/rubies/ruby-2.3.1/lib/ruby/2.3.0/webrick/httpserver.rb:96:in `run'
  /usr/local/rvm/rubies/ruby-2.3.1/lib/ruby/2.3.0/webrick/server.rb:296:in `block in start_thread'


  Rendered /usr/local/rvm/gems/ruby-2.3.1/gems/actionpack-4.2.11/lib/action_dispatch/middleware/templates/rescues/_trace.html.erb (1.7ms)
  Rendered /usr/local/rvm/gems/ruby-2.3.1/gems/actionpack-4.2.11/lib/action_dispatch/middleware/templates/routes/_route.html.erb (1.1ms)
  Rendered /usr/local/rvm/gems/ruby-2.3.1/gems/actionpack-4.2.11/lib/action_dispatch/middleware/templates/routes/_table.html.erb (6.9ms)
  Rendered /usr/local/rvm/gems/ruby-2.3.1/gems/actionpack-4.2.11/lib/action_dispatch/middleware/templates/rescues/_request_and_response.html.erb (1.7ms)
  Rendered /usr/local/rvm/gems/ruby-2.3.1/gems/actionpack-4.2.11/lib/action_dispatch/middleware/templates/rescues/routing_error.html.erb within rescues/layout (41.4ms)


Started GET "/school_classes/new" for 190.102.85.235 at 2019-01-21 16:42:26 +0000
Processing by SchoolClassesController#new as HTML
  Rendered school_classes/new.html.erb within layouts/application (0.5ms)
Completed 500 Internal Server Error in 10ms (ActiveRecord: 0.4ms)

SyntaxError (/home/stellar-founder-9737/rails-form_for-lab-noukod-000/app/views/school_classes/new.html.erb:9: syntax error, unexpected '<'
<% end );@output_buffer.safe_append='
 ^
/home/stellar-founder-9737/rails-form_for-lab-noukod-000/app/views/school_classes/new.html.erb:11: syntax error, unexpected keyword_ensure, expecting keyword_end
/home/stellar-founder-9737/rails-form_for-lab-noukod-000/app/views/school_classes/new.html.erb:13: syntax error, unexpected end-of-input, expecting keyword_end):
  app/views/school_classes/new.html.erb:9: syntax error, unexpected '<'
  app/views/school_classes/new.html.erb:11: syntax error, unexpected keyword_ensure, expecting keyword_end
  app/views/school_classes/new.html.erb:13: syntax error, unexpected end-of-input, expecting keyword_end


  Rendered /usr/local/rvm/gems/ruby-2.3.1/gems/actionpack-4.2.11/lib/action_dispatch/middleware/templates/rescues/_source.erb (5.2ms)
  Rendered /usr/local/rvm/gems/ruby-2.3.1/gems/actionpack-4.2.11/lib/action_dispatch/middleware/templates/rescues/_trace.html.erb (2.4ms)
  Rendered /usr/local/rvm/gems/ruby-2.3.1/gems/actionpack-4.2.11/lib/action_dispatch/middleware/templates/rescues/_request_and_response.html.erb (0.9ms)
  Rendered /usr/local/rvm/gems/ruby-2.3.1/gems/actionpack-4.2.11/lib/action_dispatch/middleware/templates/rescues/diagnostics.html.erb within rescues/layout (21.3ms)


Started GET "/school_classes/new" for 190.102.85.235 at 2019-01-21 16:43:45 +0000
Processing by SchoolClassesController#new as HTML
  Rendered school_classes/new.html.erb within layouts/application (0.6ms)
Completed 500 Internal Server Error in 3ms (ActiveRecord: 0.0ms)

SyntaxError (/home/stellar-founder-9737/rails-form_for-lab-noukod-000/app/views/school_classes/new.html.erb:9: syntax error, unexpected '<'
<% end );@output_buffer.safe_append='
 ^
/home/stellar-founder-9737/rails-form_for-lab-noukod-000/app/views/school_classes/new.html.erb:11: syntax error, unexpected keyword_ensure, expecting keyword_end
/home/stellar-founder-9737/rails-form_for-lab-noukod-000/app/views/school_classes/new.html.erb:13: syntax error, unexpected end-of-input, expecting keyword_end):
  app/views/school_classes/new.html.erb:9: syntax error, unexpected '<'
  app/views/school_classes/new.html.erb:11: syntax error, unexpected keyword_ensure, expecting keyword_end
  app/views/school_classes/new.html.erb:13: syntax error, unexpected end-of-input, expecting keyword_end


  Rendered /usr/local/rvm/gems/ruby-2.3.1/gems/actionpack-4.2.11/lib/action_dispatch/middleware/templates/rescues/_source.erb (16.0ms)
  Rendered /usr/local/rvm/gems/ruby-2.3.1/gems/actionpack-4.2.11/lib/action_dispatch/middleware/templates/rescues/_trace.html.erb (2.4ms)
  Rendered /usr/local/rvm/gems/ruby-2.3.1/gems/actionpack-4.2.11/lib/action_dispatch/middleware/templates/rescues/_request_and_response.html.erb (0.9ms)
  Rendered /usr/local/rvm/gems/ruby-2.3.1/gems/actionpack-4.2.11/lib/action_dispatch/middleware/templates/rescues/diagnostics.html.erb within rescues/layout (31.7ms)


Started GET "/school_classes/new" for 190.102.85.235 at 2019-01-21 16:44:13 +0000
Processing by SchoolClassesController#new as HTML
  Rendered school_classes/new.html.erb within layouts/application (0.9ms)
Completed 500 Internal Server Error in 3ms (ActiveRecord: 0.0ms)

SyntaxError (/home/stellar-founder-9737/rails-form_for-lab-noukod-000/app/views/school_classes/new.html.erb:9: syntax error, unexpected '<'
<% end );@output_buffer.safe_append='
 ^
/home/stellar-founder-9737/rails-form_for-lab-noukod-000/app/views/school_classes/new.html.erb:11: syntax error, unexpected keyword_ensure, expecting keyword_end
/home/stellar-founder-9737/rails-form_for-lab-noukod-000/app/views/school_classes/new.html.erb:13: syntax error, unexpected end-of-input, expecting keyword_end):
  app/views/school_classes/new.html.erb:9: syntax error, unexpected '<'
  app/views/school_classes/new.html.erb:11: syntax error, unexpected keyword_ensure, expecting keyword_end
  app/views/school_classes/new.html.erb:13: syntax error, unexpected end-of-input, expecting keyword_end


  Rendered /usr/local/rvm/gems/ruby-2.3.1/gems/actionpack-4.2.11/lib/action_dispatch/middleware/templates/rescues/_source.erb (5.0ms)
  Rendered /usr/local/rvm/gems/ruby-2.3.1/gems/actionpack-4.2.11/lib/action_dispatch/middleware/templates/rescues/_trace.html.erb (2.4ms)
  Rendered /usr/local/rvm/gems/ruby-2.3.1/gems/actionpack-4.2.11/lib/action_dispatch/middleware/templates/rescues/_request_and_response.html.erb (0.9ms)
  Rendered /usr/local/rvm/gems/ruby-2.3.1/gems/actionpack-4.2.11/lib/action_dispatch/middleware/templates/rescues/diagnostics.html.erb within rescues/layout (20.4ms)


Started GET "/school_classes/new" for 190.102.85.235 at 2019-01-21 16:44:18 +0000
Processing by SchoolClassesController#new as HTML
  Rendered school_classes/new.html.erb within layouts/application (0.6ms)
Completed 500 Internal Server Error in 3ms (ActiveRecord: 0.0ms)

SyntaxError (/home/stellar-founder-9737/rails-form_for-lab-noukod-000/app/views/school_classes/new.html.erb:9: syntax error, unexpected '<'
<% end );@output_buffer.safe_append='
 ^
/home/stellar-founder-9737/rails-form_for-lab-noukod-000/app/views/school_classes/new.html.erb:11: syntax error, unexpected keyword_ensure, expecting keyword_end
/home/stellar-founder-9737/rails-form_for-lab-noukod-000/app/views/school_classes/new.html.erb:13: syntax error, unexpected end-of-input, expecting keyword_end):
  app/views/school_classes/new.html.erb:9: syntax error, unexpected '<'
  app/views/school_classes/new.html.erb:11: syntax error, unexpected keyword_ensure, expecting keyword_end
  app/views/school_classes/new.html.erb:13: syntax error, unexpected end-of-input, expecting keyword_end


  Rendered /usr/local/rvm/gems/ruby-2.3.1/gems/actionpack-4.2.11/lib/action_dispatch/middleware/templates/rescues/_source.erb (5.2ms)
  Rendered /usr/local/rvm/gems/ruby-2.3.1/gems/actionpack-4.2.11/lib/action_dispatch/middleware/templates/rescues/_trace.html.erb (2.4ms)
  Rendered /usr/local/rvm/gems/ruby-2.3.1/gems/actionpack-4.2.11/lib/action_dispatch/middleware/templates/rescues/_request_and_response.html.erb (0.9ms)
  Rendered /usr/local/rvm/gems/ruby-2.3.1/gems/actionpack-4.2.11/lib/action_dispatch/middleware/templates/rescues/diagnostics.html.erb within rescues/layout (20.7ms)


Started GET "/school_classes/new" for 190.102.85.235 at 2019-01-21 16:45:22 +0000
Processing by SchoolClassesController#new as HTML
  Rendered school_classes/new.html.erb within layouts/application (12.4ms)
Completed 200 OK in 359ms (Views: 358.4ms | ActiveRecord: 0.0ms)


Started GET "/assets/jquery.self-bd7ddd393353a8d2480a622e80342adf488fb6006d667e8b42e4c0073393abee.js?body=1" for 190.102.85.235 at 2019-01-21 16:45:23 +0000


Started GET "/assets/application.self-e80e8f2318043e8af94dddc2adad5a4f09739a8ebb323b3ab31cd71d45fd9113.css?body=1" for 190.102.85.235 at 2019-01-21 16:45:23 +0000


Started GET "/assets/jquery_ujs.self-784a997f6726036b1993eb2217c9cb558e1cbb801c6da88105588c56f13b466a.js?body=1" for 190.102.85.235 at 2019-01-21 16:45:23 +0000


Started GET "/assets/application.self-3b8dabdc891efe46b9a144b400ad69e37d7e5876bdc39dee783419a69d7ca819.js?body=1" for 190.102.85.235 at 2019-01-21 16:45:23 +0000


Started GET "/assets/turbolinks.self-569ee74eaa15c1e2019317ff770b8769b1ec033a0f572a485f64c82ddc8f989e.js?body=1" for 190.102.85.235 at 2019-01-21 16:45:23 +0000


Started GET "/school_classes/new" for 190.102.85.235 at 2019-01-21 16:45:55 +0000
Processing by SchoolClassesController#new as HTML
  Rendered school_classes/new.html.erb within layouts/application (1.2ms)
Completed 500 Internal Server Error in 3ms (ActiveRecord: 0.0ms)

ActionView::Template::Error (First argument in form cannot contain nil or be empty):
    1: <h2> School Class Form </h2>
    2: 
    3: <% form_for @school_classes do |s| %>
    4:   <%= s.label :title %>
    5:   <%= s.text_field :title %><br>
    6:   <%= s.label :room_number %>
  app/views/school_classes/new.html.erb:3:in `_app_views_school_classes_new_html_erb__1100434711703860846_69939793345600'


  Rendered /usr/local/rvm/gems/ruby-2.3.1/gems/actionpack-4.2.11/lib/action_dispatch/middleware/templates/rescues/_source.erb (5.3ms)
  Rendered /usr/local/rvm/gems/ruby-2.3.1/gems/actionpack-4.2.11/lib/action_dispatch/middleware/templates/rescues/_trace.html.erb (2.6ms)
  Rendered /usr/local/rvm/gems/ruby-2.3.1/gems/actionpack-4.2.11/lib/action_dispatch/middleware/templates/rescues/_request_and_response.html.erb (1.0ms)
  Rendered /usr/local/rvm/gems/ruby-2.3.1/gems/actionpack-4.2.11/lib/action_dispatch/middleware/templates/rescues/template_error.html.erb within rescues/layout (20.9ms)
DEPRECATION WARNING: Static attributes will be removed in FactoryBot 5.0. Please use dynamic
attributes instead by wrapping the attribute value in a block:

title { "Computer Science" }

To automatically update from static attributes to dynamic ones,
install rubocop-rspec and run:

rubocop \
  --require rubocop-rspec \
  --only FactoryBot/AttributeDefinedStatically \
  --auto-correct

. (called from block (2 levels) in <top (required)> at /home/stellar-founder-9737/rails-form_for-lab-noukod-000/spec/factories/school_classes.rb:3)
DEPRECATION WARNING: Static attributes will be removed in FactoryBot 5.0. Please use dynamic
attributes instead by wrapping the attribute value in a block:

room_number { 5 }

To automatically update from static attributes to dynamic ones,
install rubocop-rspec and run:

rubocop \
  --require rubocop-rspec \
  --only FactoryBot/AttributeDefinedStatically \
  --auto-correct

. (called from block (2 levels) in <top (required)> at /home/stellar-founder-9737/rails-form_for-lab-noukod-000/spec/factories/school_classes.rb:4)
DEPRECATION WARNING: Static attributes will be removed in FactoryBot 5.0. Please use dynamic
attributes instead by wrapping the attribute value in a block:

first_name { "Daenerys" }

To automatically update from static attributes to dynamic ones,
install rubocop-rspec and run:

rubocop \
  --require rubocop-rspec \
  --only FactoryBot/AttributeDefinedStatically \
  --auto-correct

. (called from block (2 levels) in <top (required)> at /home/stellar-founder-9737/rails-form_for-lab-noukod-000/spec/factories/students.rb:3)
DEPRECATION WARNING: Static attributes will be removed in FactoryBot 5.0. Please use dynamic
attributes instead by wrapping the attribute value in a block:

last_name { "Targaryen" }

To automatically update from static attributes to dynamic ones,
install rubocop-rspec and run:

rubocop \
  --require rubocop-rspec \
  --only FactoryBot/AttributeDefinedStatically \
  --auto-correct

. (called from block (2 levels) in <top (required)> at /home/stellar-founder-9737/rails-form_for-lab-noukod-000/spec/factories/students.rb:4)


Started GET "/school_classes/new" for 190.102.85.235 at 2019-01-21 16:55:32 +0000
  [1m[36mActiveRecord::SchemaMigration Load (0.1ms)[0m  [1mSELECT "schema_migrations".* FROM "schema_migrations"[0m
Processing by SchoolClassesController#new as HTML
  Rendered school_classes/new.html.erb within layouts/application (13.5ms)
Completed 200 OK in 254ms (Views: 241.2ms | ActiveRecord: 0.3ms)


Started GET "/assets/application.self-e80e8f2318043e8af94dddc2adad5a4f09739a8ebb323b3ab31cd71d45fd9113.css?body=1" for 190.102.85.235 at 2019-01-21 16:55:33 +0000


Started GET "/assets/jquery.self-bd7ddd393353a8d2480a622e80342adf488fb6006d667e8b42e4c0073393abee.js?body=1" for 190.102.85.235 at 2019-01-21 16:55:33 +0000


Started GET "/assets/turbolinks.self-569ee74eaa15c1e2019317ff770b8769b1ec033a0f572a485f64c82ddc8f989e.js?body=1" for 190.102.85.235 at 2019-01-21 16:55:33 +0000


Started GET "/assets/jquery_ujs.self-784a997f6726036b1993eb2217c9cb558e1cbb801c6da88105588c56f13b466a.js?body=1" for 190.102.85.235 at 2019-01-21 16:55:33 +0000


Started GET "/assets/application.self-3b8dabdc891efe46b9a144b400ad69e37d7e5876bdc39dee783419a69d7ca819.js?body=1" for 190.102.85.235 at 2019-01-21 16:55:33 +0000


Started GET "/students/new" for 190.102.85.235 at 2019-01-21 16:55:50 +0000
Processing by StudentsController#new as HTML
  Rendered students/new.html.erb within layouts/application (3.3ms)
Completed 500 Internal Server Error in 15ms (ActiveRecord: 0.3ms)

ActionView::Template::Error (First argument in form cannot contain nil or be empty):
    1: <h2> Student Form </h2>
    2: 
    3: <% form_for @students do |f| %>
    4:   <%= f.label :first_name %>
    5:   <%= f.text_field :first_name %> <br>
    6:   <%= f.label :last_name %>
  app/views/students/new.html.erb:3:in `_app_views_students_new_html_erb__626847323239138485_70037578711480'


  Rendered /usr/local/rvm/gems/ruby-2.3.1/gems/actionpack-4.2.11/lib/action_dispatch/middleware/templates/rescues/_source.erb (4.7ms)
  Rendered /usr/local/rvm/gems/ruby-2.3.1/gems/actionpack-4.2.11/lib/action_dispatch/middleware/templates/rescues/_trace.html.erb (2.3ms)
  Rendered /usr/local/rvm/gems/ruby-2.3.1/gems/actionpack-4.2.11/lib/action_dispatch/middleware/templates/rescues/_request_and_response.html.erb (0.9ms)
  Rendered /usr/local/rvm/gems/ruby-2.3.1/gems/actionpack-4.2.11/lib/action_dispatch/middleware/templates/rescues/template_error.html.erb within rescues/layout (21.3ms)


Started GET "/students/new" for 190.102.85.235 at 2019-01-21 16:56:35 +0000
Processing by StudentsController#new as HTML
  Rendered students/new.html.erb within layouts/application (3.2ms)
Completed 200 OK in 16ms (Views: 15.6ms | ActiveRecord: 0.0ms)


Started GET "/assets/application.self-e80e8f2318043e8af94dddc2adad5a4f09739a8ebb323b3ab31cd71d45fd9113.css?body=1" for 190.102.85.235 at 2019-01-21 16:56:36 +0000


Started GET "/assets/jquery_ujs.self-784a997f6726036b1993eb2217c9cb558e1cbb801c6da88105588c56f13b466a.js?body=1" for 190.102.85.235 at 2019-01-21 16:56:36 +0000


Started GET "/assets/jquery.self-bd7ddd393353a8d2480a622e80342adf488fb6006d667e8b42e4c0073393abee.js?body=1" for 190.102.85.235 at 2019-01-21 16:56:36 +0000


Started GET "/assets/turbolinks.self-569ee74eaa15c1e2019317ff770b8769b1ec033a0f572a485f64c82ddc8f989e.js?body=1" for 190.102.85.235 at 2019-01-21 16:56:36 +0000


Started GET "/assets/application.self-3b8dabdc891efe46b9a144b400ad69e37d7e5876bdc39dee783419a69d7ca819.js?body=1" for 190.102.85.235 at 2019-01-21 16:56:36 +0000
DEPRECATION WARNING: Static attributes will be removed in FactoryBot 5.0. Please use dynamic
attributes instead by wrapping the attribute value in a block:

title { "Computer Science" }

To automatically update from static attributes to dynamic ones,
install rubocop-rspec and run:

rubocop \
  --require rubocop-rspec \
  --only FactoryBot/AttributeDefinedStatically \
  --auto-correct

. (called from block (2 levels) in <top (required)> at /home/stellar-founder-9737/rails-form_for-lab-noukod-000/spec/factories/school_classes.rb:3)
DEPRECATION WARNING: Static attributes will be removed in FactoryBot 5.0. Please use dynamic
attributes instead by wrapping the attribute value in a block:

room_number { 5 }

To automatically update from static attributes to dynamic ones,
install rubocop-rspec and run:

rubocop \
  --require rubocop-rspec \
  --only FactoryBot/AttributeDefinedStatically \
  --auto-correct

. (called from block (2 levels) in <top (required)> at /home/stellar-founder-9737/rails-form_for-lab-noukod-000/spec/factories/school_classes.rb:4)
DEPRECATION WARNING: Static attributes will be removed in FactoryBot 5.0. Please use dynamic
attributes instead by wrapping the attribute value in a block:

first_name { "Daenerys" }

To automatically update from static attributes to dynamic ones,
install rubocop-rspec and run:

rubocop \
  --require rubocop-rspec \
  --only FactoryBot/AttributeDefinedStatically \
  --auto-correct

. (called from block (2 levels) in <top (required)> at /home/stellar-founder-9737/rails-form_for-lab-noukod-000/spec/factories/students.rb:3)
DEPRECATION WARNING: Static attributes will be removed in FactoryBot 5.0. Please use dynamic
attributes instead by wrapping the attribute value in a block:

last_name { "Targaryen" }

To automatically update from static attributes to dynamic ones,
install rubocop-rspec and run:

rubocop \
  --require rubocop-rspec \
  --only FactoryBot/AttributeDefinedStatically \
  --auto-correct

. (called from block (2 levels) in <top (required)> at /home/stellar-founder-9737/rails-form_for-lab-noukod-000/spec/factories/students.rb:4)


Started GET "/students/new" for 190.102.85.235 at 2019-01-21 17:00:20 +0000
  [1m[36mActiveRecord::SchemaMigration Load (0.1ms)[0m  [1mSELECT "schema_migrations".* FROM "schema_migrations"[0m
Processing by StudentsController#new as HTML
  Rendered students/new.html.erb within layouts/application (12.5ms)
Completed 200 OK in 242ms (Views: 228.7ms | ActiveRecord: 0.4ms)


Started GET "/assets/application.self-e80e8f2318043e8af94dddc2adad5a4f09739a8ebb323b3ab31cd71d45fd9113.css?body=1" for 190.102.85.235 at 2019-01-21 17:00:21 +0000


Started GET "/assets/jquery.self-bd7ddd393353a8d2480a622e80342adf488fb6006d667e8b42e4c0073393abee.js?body=1" for 190.102.85.235 at 2019-01-21 17:00:21 +0000


Started GET "/assets/jquery_ujs.self-784a997f6726036b1993eb2217c9cb558e1cbb801c6da88105588c56f13b466a.js?body=1" for 190.102.85.235 at 2019-01-21 17:00:21 +0000


Started GET "/assets/turbolinks.self-569ee74eaa15c1e2019317ff770b8769b1ec033a0f572a485f64c82ddc8f989e.js?body=1" for 190.102.85.235 at 2019-01-21 17:00:21 +0000


Started GET "/assets/application.self-3b8dabdc891efe46b9a144b400ad69e37d7e5876bdc39dee783419a69d7ca819.js?body=1" for 190.102.85.235 at 2019-01-21 17:00:21 +0000


Started GET "/students/new" for 190.102.85.235 at 2019-01-21 17:00:23 +0000
Processing by StudentsController#new as HTML
  Rendered students/new.html.erb within layouts/application (2.0ms)
Completed 200 OK in 16ms (Views: 15.2ms | ActiveRecord: 0.0ms)


Started GET "/assets/application.self-e80e8f2318043e8af94dddc2adad5a4f09739a8ebb323b3ab31cd71d45fd9113.css?body=1" for 190.102.85.235 at 2019-01-21 17:00:23 +0000


Started GET "/assets/jquery.self-bd7ddd393353a8d2480a622e80342adf488fb6006d667e8b42e4c0073393abee.js?body=1" for 190.102.85.235 at 2019-01-21 17:00:23 +0000


Started GET "/assets/jquery_ujs.self-784a997f6726036b1993eb2217c9cb558e1cbb801c6da88105588c56f13b466a.js?body=1" for 190.102.85.235 at 2019-01-21 17:00:23 +0000


Started GET "/assets/application.self-3b8dabdc891efe46b9a144b400ad69e37d7e5876bdc39dee783419a69d7ca819.js?body=1" for 190.102.85.235 at 2019-01-21 17:00:23 +0000


Started GET "/assets/turbolinks.self-569ee74eaa15c1e2019317ff770b8769b1ec033a0f572a485f64c82ddc8f989e.js?body=1" for 190.102.85.235 at 2019-01-21 17:00:23 +0000


Started GET "/school_classes/new" for 190.102.85.235 at 2019-01-21 17:00:30 +0000
Processing by SchoolClassesController#new as HTML
  Rendered school_classes/new.html.erb within layouts/application (2.1ms)
Completed 200 OK in 20ms (Views: 13.2ms | ActiveRecord: 0.5ms)


Started GET "/school_classes/new" for 190.102.85.235 at 2019-01-21 17:03:05 +0000
Processing by SchoolClassesController#new as HTML
  Rendered school_classes/new.html.erb within layouts/application (2.9ms)
Completed 200 OK in 16ms (Views: 14.9ms | ActiveRecord: 0.0ms)


Started GET "/assets/application.self-e80e8f2318043e8af94dddc2adad5a4f09739a8ebb323b3ab31cd71d45fd9113.css?body=1" for 190.102.85.235 at 2019-01-21 17:03:05 +0000


Started GET "/assets/jquery_ujs.self-784a997f6726036b1993eb2217c9cb558e1cbb801c6da88105588c56f13b466a.js?body=1" for 190.102.85.235 at 2019-01-21 17:03:05 +0000


Started GET "/assets/turbolinks.self-569ee74eaa15c1e2019317ff770b8769b1ec033a0f572a485f64c82ddc8f989e.js?body=1" for 190.102.85.235 at 2019-01-21 17:03:05 +0000


Started GET "/assets/application.self-3b8dabdc891efe46b9a144b400ad69e37d7e5876bdc39dee783419a69d7ca819.js?body=1" for 190.102.85.235 at 2019-01-21 17:03:05 +0000


Started GET "/assets/jquery.self-bd7ddd393353a8d2480a622e80342adf488fb6006d667e8b42e4c0073393abee.js?body=1" for 190.102.85.235 at 2019-01-21 17:03:05 +0000


Started GET "/school_classes/new" for 190.102.85.235 at 2019-01-21 17:03:14 +0000
Processing by SchoolClassesController#new as HTML
  Rendered school_classes/new.html.erb within layouts/application (1.8ms)
Completed 200 OK in 23ms (Views: 22.2ms | ActiveRecord: 0.0ms)


Started POST "/school_classes" for 190.102.85.235 at 2019-01-21 17:03:21 +0000
Processing by SchoolClassesController#create as HTML
  Parameters: {"utf8"=>"✓", "authenticity_token"=>"SZRnXbTjxKVPAYscPAaqDy98OkkKhFzZQwZL/OEvDUefNTkuBOKNPW1Lt8ZmZqkS+dmKCX4OopzOPlL4Yz/94Q==", "school_class"=>{"title"=>"qqqqq", "room_number"=>"eeeee"}, "commit"=>"Create School class"}
  [1m[35m (0.2ms)[0m  begin transaction
  [1m[36mSQL (0.7ms)[0m  [1mINSERT INTO "school_classes" ("title", "room_number", "created_at", "updated_at") VALUES (?, ?, ?, ?)[0m  [["title", "qqqqq"], ["room_number", 0], ["created_at", "2019-01-21 17:03:21.115744"], ["updated_at", "2019-01-21 17:03:21.115744"]]
  [1m[35m (2.4ms)[0m  commit transaction
Redirected to http://167.99.15.173:55350/school_classes/1
Completed 302 Found in 9ms (ActiveRecord: 3.3ms)


Started GET "/school_classes/1" for 190.102.85.235 at 2019-01-21 17:03:21 +0000
Processing by SchoolClassesController#show as HTML
  Parameters: {"id"=>"1"}
  [1m[36mSchoolClass Load (0.3ms)[0m  [1mSELECT  "school_classes".* FROM "school_classes" WHERE "school_classes"."id" = ? LIMIT 1[0m  [["id", 1]]
Completed 500 Internal Server Error in 12ms (ActiveRecord: 0.3ms)

ActionView::MissingTemplate (Missing template school_classes/show, application/show with {:locale=>[:en], :formats=>[:html], :variants=>[], :handlers=>[:erb, :builder, :raw, :ruby, :coffee, :jbuilder]}. Searched in:
  * "/home/stellar-founder-9737/rails-form_for-lab-noukod-000/app/views"
):
  actionview (4.2.11) lib/action_view/path_set.rb:46:in `find'
  actionview (4.2.11) lib/action_view/lookup_context.rb:121:in `find'
  actionview (4.2.11) lib/action_view/renderer/abstract_renderer.rb:18:in `find_template'
  actionview (4.2.11) lib/action_view/renderer/template_renderer.rb:40:in `determine_template'
  actionview (4.2.11) lib/action_view/renderer/template_renderer.rb:8:in `render'
  actionview (4.2.11) lib/action_view/renderer/renderer.rb:46:in `render_template'
  actionview (4.2.11) lib/action_view/renderer/renderer.rb:27:in `render'
  actionview (4.2.11) lib/action_view/rendering.rb:100:in `_render_template'
  actionpack (4.2.11) lib/action_controller/metal/streaming.rb:217:in `_render_template'
  actionview (4.2.11) lib/action_view/rendering.rb:83:in `render_to_body'
  actionpack (4.2.11) lib/action_controller/metal/rendering.rb:32:in `render_to_body'
  actionpack (4.2.11) lib/action_controller/metal/renderers.rb:37:in `render_to_body'
  actionpack (4.2.11) lib/abstract_controller/rendering.rb:25:in `render'
  actionpack (4.2.11) lib/action_controller/metal/rendering.rb:16:in `render'
  actionpack (4.2.11) lib/action_controller/metal/instrumentation.rb:44:in `block (2 levels) in render'
  activesupport (4.2.11) lib/active_support/core_ext/benchmark.rb:12:in `block in ms'
  /usr/local/rvm/rubies/ruby-2.3.1/lib/ruby/2.3.0/benchmark.rb:308:in `realtime'
  activesupport (4.2.11) lib/active_support/core_ext/benchmark.rb:12:in `ms'
  actionpack (4.2.11) lib/action_controller/metal/instrumentation.rb:44:in `block in render'
  actionpack (4.2.11) lib/action_controller/metal/instrumentation.rb:87:in `cleanup_view_runtime'
  activerecord (4.2.11) lib/active_record/railties/controller_runtime.rb:25:in `cleanup_view_runtime'
  actionpack (4.2.11) lib/action_controller/metal/instrumentation.rb:43:in `render'
  actionpack (4.2.11) lib/action_controller/metal/implicit_render.rb:10:in `default_render'
  actionpack (4.2.11) lib/action_controller/metal/implicit_render.rb:5:in `send_action'
  actionpack (4.2.11) lib/abstract_controller/base.rb:198:in `process_action'
  actionpack (4.2.11) lib/action_controller/metal/rendering.rb:10:in `process_action'
  actionpack (4.2.11) lib/abstract_controller/callbacks.rb:20:in `block in process_action'
  activesupport (4.2.11) lib/active_support/callbacks.rb:117:in `call'
  activesupport (4.2.11) lib/active_support/callbacks.rb:555:in `block (2 levels) in compile'
  activesupport (4.2.11) lib/active_support/callbacks.rb:505:in `call'
  activesupport (4.2.11) lib/active_support/callbacks.rb:92:in `__run_callbacks__'
  activesupport (4.2.11) lib/active_support/callbacks.rb:778:in `_run_process_action_callbacks'
  activesupport (4.2.11) lib/active_support/callbacks.rb:81:in `run_callbacks'
  actionpack (4.2.11) lib/abstract_controller/callbacks.rb:19:in `process_action'
  actionpack (4.2.11) lib/action_controller/metal/rescue.rb:29:in `process_action'
  actionpack (4.2.11) lib/action_controller/metal/instrumentation.rb:32:in `block in process_action'
  activesupport (4.2.11) lib/active_support/notifications.rb:164:in `block in instrument'
  activesupport (4.2.11) lib/active_support/notifications/instrumenter.rb:20:in `instrument'
  activesupport (4.2.11) lib/active_support/notifications.rb:164:in `instrument'
  actionpack (4.2.11) lib/action_controller/metal/instrumentation.rb:30:in `process_action'
  actionpack (4.2.11) lib/action_controller/metal/params_wrapper.rb:250:in `process_action'
  activerecord (4.2.11) lib/active_record/railties/controller_runtime.rb:18:in `process_action'
  actionpack (4.2.11) lib/abstract_controller/base.rb:137:in `process'
  actionview (4.2.11) lib/action_view/rendering.rb:30:in `process'
  actionpack (4.2.11) lib/action_controller/metal.rb:196:in `dispatch'
  actionpack (4.2.11) lib/action_controller/metal/rack_delegation.rb:13:in `dispatch'
  actionpack (4.2.11) lib/action_controller/metal.rb:237:in `block in action'
  actionpack (4.2.11) lib/action_dispatch/routing/route_set.rb:74:in `dispatch'
  actionpack (4.2.11) lib/action_dispatch/routing/route_set.rb:43:in `serve'
  actionpack (4.2.11) lib/action_dispatch/journey/router.rb:43:in `block in serve'
  actionpack (4.2.11) lib/action_dispatch/journey/router.rb:30:in `each'
  actionpack (4.2.11) lib/action_dispatch/journey/router.rb:30:in `serve'
  actionpack (4.2.11) lib/action_dispatch/routing/route_set.rb:817:in `call'
  rack (1.6.11) lib/rack/etag.rb:24:in `call'
  rack (1.6.11) lib/rack/conditionalget.rb:25:in `call'
  rack (1.6.11) lib/rack/head.rb:13:in `call'
  actionpack (4.2.11) lib/action_dispatch/middleware/params_parser.rb:27:in `call'
  actionpack (4.2.11) lib/action_dispatch/middleware/flash.rb:260:in `call'
  rack (1.6.11) lib/rack/session/abstract/id.rb:225:in `context'
  rack (1.6.11) lib/rack/session/abstract/id.rb:220:in `call'
  actionpack (4.2.11) lib/action_dispatch/middleware/cookies.rb:560:in `call'
  activerecord (4.2.11) lib/active_record/query_cache.rb:36:in `call'
  activerecord (4.2.11) lib/active_record/connection_adapters/abstract/connection_pool.rb:653:in `call'
  activerecord (4.2.11) lib/active_record/migration.rb:377:in `call'
  actionpack (4.2.11) lib/action_dispatch/middleware/callbacks.rb:29:in `block in call'
  activesupport (4.2.11) lib/active_support/callbacks.rb:88:in `__run_callbacks__'
  activesupport (4.2.11) lib/active_support/callbacks.rb:778:in `_run_call_callbacks'
  activesupport (4.2.11) lib/active_support/callbacks.rb:81:in `run_callbacks'
  actionpack (4.2.11) lib/action_dispatch/middleware/callbacks.rb:27:in `call'
  actionpack (4.2.11) lib/action_dispatch/middleware/reloader.rb:73:in `call'
  actionpack (4.2.11) lib/action_dispatch/middleware/remote_ip.rb:78:in `call'
  actionpack (4.2.11) lib/action_dispatch/middleware/debug_exceptions.rb:17:in `call'
  actionpack (4.2.11) lib/action_dispatch/middleware/show_exceptions.rb:30:in `call'
  railties (4.2.11) lib/rails/rack/logger.rb:38:in `call_app'
  railties (4.2.11) lib/rails/rack/logger.rb:20:in `block in call'
  activesupport (4.2.11) lib/active_support/tagged_logging.rb:68:in `block in tagged'
  activesupport (4.2.11) lib/active_support/tagged_logging.rb:26:in `tagged'
  activesupport (4.2.11) lib/active_support/tagged_logging.rb:68:in `tagged'
  railties (4.2.11) lib/rails/rack/logger.rb:20:in `call'
  actionpack (4.2.11) lib/action_dispatch/middleware/request_id.rb:21:in `call'
  rack (1.6.11) lib/rack/methodoverride.rb:22:in `call'
  rack (1.6.11) lib/rack/runtime.rb:18:in `call'
  activesupport (4.2.11) lib/active_support/cache/strategy/local_cache_middleware.rb:28:in `call'
  rack (1.6.11) lib/rack/lock.rb:17:in `call'
  actionpack (4.2.11) lib/action_dispatch/middleware/static.rb:120:in `call'
  rack (1.6.11) lib/rack/sendfile.rb:113:in `call'
  railties (4.2.11) lib/rails/engine.rb:518:in `call'
  railties (4.2.11) lib/rails/application.rb:165:in `call'
  rack (1.6.11) lib/rack/lock.rb:17:in `call'
  rack (1.6.11) lib/rack/content_length.rb:15:in `call'
  rack (1.6.11) lib/rack/handler/webrick.rb:88:in `service'
  /usr/local/rvm/rubies/ruby-2.3.1/lib/ruby/2.3.0/webrick/httpserver.rb:140:in `service'
  /usr/local/rvm/rubies/ruby-2.3.1/lib/ruby/2.3.0/webrick/httpserver.rb:96:in `run'
  /usr/local/rvm/rubies/ruby-2.3.1/lib/ruby/2.3.0/webrick/server.rb:296:in `block in start_thread'


  Rendered /usr/local/rvm/gems/ruby-2.3.1/gems/actionpack-4.2.11/lib/action_dispatch/middleware/templates/rescues/_source.erb (4.0ms)
  Rendered /usr/local/rvm/gems/ruby-2.3.1/gems/actionpack-4.2.11/lib/action_dispatch/middleware/templates/rescues/_trace.html.erb (2.0ms)
  Rendered /usr/local/rvm/gems/ruby-2.3.1/gems/actionpack-4.2.11/lib/action_dispatch/middleware/templates/rescues/_request_and_response.html.erb (0.8ms)
  Rendered /usr/local/rvm/gems/ruby-2.3.1/gems/actionpack-4.2.11/lib/action_dispatch/middleware/templates/rescues/missing_template.html.erb within rescues/layout (19.8ms)


Started GET "/students/new" for 190.102.85.235 at 2019-01-21 17:03:41 +0000
Processing by StudentsController#new as HTML
  Rendered students/new.html.erb within layouts/application (3.0ms)
Completed 200 OK in 63ms (Views: 22.1ms | ActiveRecord: 0.0ms)


Started POST "/students" for 190.102.85.235 at 2019-01-21 17:03:47 +0000
Processing by StudentsController#create as HTML
  Parameters: {"utf8"=>"✓", "authenticity_token"=>"KHr+9+Fq5u3fgS+m02Ar0sJiFCcU0beA43QrC4/QPHX+26CEUWuvdf3LE3yJACjPFMekZ2BbScVuTDIPDcDM0w==", "student"=>{"first_name"=>"ssss", "last_name"=>"sssss"}, "commit"=>"Create Student"}
  [1m[35m (0.2ms)[0m  begin transaction
  [1m[36mSQL (0.4ms)[0m  [1mINSERT INTO "students" ("first_name", "last_name", "created_at", "updated_at") VALUES (?, ?, ?, ?)[0m  [["first_name", "ssss"], ["last_name", "sssss"], ["created_at", "2019-01-21 17:03:47.415414"], ["updated_at", "2019-01-21 17:03:47.415414"]]
  [1m[35m (4.1ms)[0m  commit transaction
Redirected to http://167.99.15.173:55350/students/3
Completed 302 Found in 11ms (ActiveRecord: 4.7ms)


Started GET "/students/3" for 190.102.85.235 at 2019-01-21 17:03:47 +0000
Processing by StudentsController#show as HTML
  Parameters: {"id"=>"3"}
Completed 500 Internal Server Error in 13ms (ActiveRecord: 0.0ms)

NameError (undefined local variable or method `student' for #<StudentsController:0x007f2cfe626bf0>
Did you mean?  student_url):
  app/controllers/students_controller.rb:28:in `set_student'
  app/controllers/students_controller.rb:8:in `show'


  Rendered /usr/local/rvm/gems/ruby-2.3.1/gems/actionpack-4.2.11/lib/action_dispatch/middleware/templates/rescues/_source.erb (3.9ms)
  Rendered /usr/local/rvm/gems/ruby-2.3.1/gems/actionpack-4.2.11/lib/action_dispatch/middleware/templates/rescues/_trace.html.erb (1.9ms)
  Rendered /usr/local/rvm/gems/ruby-2.3.1/gems/actionpack-4.2.11/lib/action_dispatch/middleware/templates/rescues/_request_and_response.html.erb (0.9ms)
  Rendered /usr/local/rvm/gems/ruby-2.3.1/gems/actionpack-4.2.11/lib/action_dispatch/middleware/templates/rescues/diagnostics.html.erb within rescues/layout (21.3ms)


Started POST "/students" for 190.102.85.235 at 2019-01-21 17:04:21 +0000
Processing by StudentsController#create as HTML
  Parameters: {"utf8"=>"✓", "authenticity_token"=>"KHr+9+Fq5u3fgS+m02Ar0sJiFCcU0beA43QrC4/QPHX+26CEUWuvdf3LE3yJACjPFMekZ2BbScVuTDIPDcDM0w==", "student"=>{"first_name"=>"ssss", "last_name"=>"sssss"}, "commit"=>"Create Student"}
  [1m[36m (0.1ms)[0m  [1mbegin transaction[0m
  [1m[35mSQL (0.3ms)[0m  INSERT INTO "students" ("first_name", "last_name", "created_at", "updated_at") VALUES (?, ?, ?, ?)  [["first_name", "ssss"], ["last_name", "sssss"], ["created_at", "2019-01-21 17:04:21.330046"], ["updated_at", "2019-01-21 17:04:21.330046"]]
  [1m[36m (5.9ms)[0m  [1mcommit transaction[0m
Redirected to http://167.99.15.173:55350/students/4
Completed 302 Found in 14ms (ActiveRecord: 6.9ms)


Started GET "/students/4" for 190.102.85.235 at 2019-01-21 17:04:21 +0000
Processing by StudentsController#show as HTML
  Parameters: {"id"=>"4"}
  [1m[35mStudent Load (0.3ms)[0m  SELECT  "students".* FROM "students" WHERE "students"."id" = ? LIMIT 1  [["id", 4]]
Completed 500 Internal Server Error in 6ms (ActiveRecord: 0.3ms)

ActionView::MissingTemplate (Missing template students/show, application/show with {:locale=>[:en], :formats=>[:html], :variants=>[], :handlers=>[:erb, :builder, :raw, :ruby, :coffee, :jbuilder]}. Searched in:
  * "/home/stellar-founder-9737/rails-form_for-lab-noukod-000/app/views"
):
  actionview (4.2.11) lib/action_view/path_set.rb:46:in `find'
  actionview (4.2.11) lib/action_view/lookup_context.rb:121:in `find'
  actionview (4.2.11) lib/action_view/renderer/abstract_renderer.rb:18:in `find_template'
  actionview (4.2.11) lib/action_view/renderer/template_renderer.rb:40:in `determine_template'
  actionview (4.2.11) lib/action_view/renderer/template_renderer.rb:8:in `render'
  actionview (4.2.11) lib/action_view/renderer/renderer.rb:46:in `render_template'
  actionview (4.2.11) lib/action_view/renderer/renderer.rb:27:in `render'
  actionview (4.2.11) lib/action_view/rendering.rb:100:in `_render_template'
  actionpack (4.2.11) lib/action_controller/metal/streaming.rb:217:in `_render_template'
  actionview (4.2.11) lib/action_view/rendering.rb:83:in `render_to_body'
  actionpack (4.2.11) lib/action_controller/metal/rendering.rb:32:in `render_to_body'
  actionpack (4.2.11) lib/action_controller/metal/renderers.rb:37:in `render_to_body'
  actionpack (4.2.11) lib/abstract_controller/rendering.rb:25:in `render'
  actionpack (4.2.11) lib/action_controller/metal/rendering.rb:16:in `render'
  actionpack (4.2.11) lib/action_controller/metal/instrumentation.rb:44:in `block (2 levels) in render'
  activesupport (4.2.11) lib/active_support/core_ext/benchmark.rb:12:in `block in ms'
  /usr/local/rvm/rubies/ruby-2.3.1/lib/ruby/2.3.0/benchmark.rb:308:in `realtime'
  activesupport (4.2.11) lib/active_support/core_ext/benchmark.rb:12:in `ms'
  actionpack (4.2.11) lib/action_controller/metal/instrumentation.rb:44:in `block in render'
  actionpack (4.2.11) lib/action_controller/metal/instrumentation.rb:87:in `cleanup_view_runtime'
  activerecord (4.2.11) lib/active_record/railties/controller_runtime.rb:25:in `cleanup_view_runtime'
  actionpack (4.2.11) lib/action_controller/metal/instrumentation.rb:43:in `render'
  actionpack (4.2.11) lib/action_controller/metal/implicit_render.rb:10:in `default_render'
  actionpack (4.2.11) lib/action_controller/metal/implicit_render.rb:5:in `send_action'
  actionpack (4.2.11) lib/abstract_controller/base.rb:198:in `process_action'
  actionpack (4.2.11) lib/action_controller/metal/rendering.rb:10:in `process_action'
  actionpack (4.2.11) lib/abstract_controller/callbacks.rb:20:in `block in process_action'
  activesupport (4.2.11) lib/active_support/callbacks.rb:117:in `call'
  activesupport (4.2.11) lib/active_support/callbacks.rb:555:in `block (2 levels) in compile'
  activesupport (4.2.11) lib/active_support/callbacks.rb:505:in `call'
  activesupport (4.2.11) lib/active_support/callbacks.rb:92:in `__run_callbacks__'
  activesupport (4.2.11) lib/active_support/callbacks.rb:778:in `_run_process_action_callbacks'
  activesupport (4.2.11) lib/active_support/callbacks.rb:81:in `run_callbacks'
  actionpack (4.2.11) lib/abstract_controller/callbacks.rb:19:in `process_action'
  actionpack (4.2.11) lib/action_controller/metal/rescue.rb:29:in `process_action'
  actionpack (4.2.11) lib/action_controller/metal/instrumentation.rb:32:in `block in process_action'
  activesupport (4.2.11) lib/active_support/notifications.rb:164:in `block in instrument'
  activesupport (4.2.11) lib/active_support/notifications/instrumenter.rb:20:in `instrument'
  activesupport (4.2.11) lib/active_support/notifications.rb:164:in `instrument'
  actionpack (4.2.11) lib/action_controller/metal/instrumentation.rb:30:in `process_action'
  actionpack (4.2.11) lib/action_controller/metal/params_wrapper.rb:250:in `process_action'
  activerecord (4.2.11) lib/active_record/railties/controller_runtime.rb:18:in `process_action'
  actionpack (4.2.11) lib/abstract_controller/base.rb:137:in `process'
  actionview (4.2.11) lib/action_view/rendering.rb:30:in `process'
  actionpack (4.2.11) lib/action_controller/metal.rb:196:in `dispatch'
  actionpack (4.2.11) lib/action_controller/metal/rack_delegation.rb:13:in `dispatch'
  actionpack (4.2.11) lib/action_controller/metal.rb:237:in `block in action'
  actionpack (4.2.11) lib/action_dispatch/routing/route_set.rb:74:in `dispatch'
  actionpack (4.2.11) lib/action_dispatch/routing/route_set.rb:43:in `serve'
  actionpack (4.2.11) lib/action_dispatch/journey/router.rb:43:in `block in serve'
  actionpack (4.2.11) lib/action_dispatch/journey/router.rb:30:in `each'
  actionpack (4.2.11) lib/action_dispatch/journey/router.rb:30:in `serve'
  actionpack (4.2.11) lib/action_dispatch/routing/route_set.rb:817:in `call'
  rack (1.6.11) lib/rack/etag.rb:24:in `call'
  rack (1.6.11) lib/rack/conditionalget.rb:25:in `call'
  rack (1.6.11) lib/rack/head.rb:13:in `call'
  actionpack (4.2.11) lib/action_dispatch/middleware/params_parser.rb:27:in `call'
  actionpack (4.2.11) lib/action_dispatch/middleware/flash.rb:260:in `call'
  rack (1.6.11) lib/rack/session/abstract/id.rb:225:in `context'
  rack (1.6.11) lib/rack/session/abstract/id.rb:220:in `call'
  actionpack (4.2.11) lib/action_dispatch/middleware/cookies.rb:560:in `call'
  activerecord (4.2.11) lib/active_record/query_cache.rb:36:in `call'
  activerecord (4.2.11) lib/active_record/connection_adapters/abstract/connection_pool.rb:653:in `call'
  activerecord (4.2.11) lib/active_record/migration.rb:377:in `call'
  actionpack (4.2.11) lib/action_dispatch/middleware/callbacks.rb:29:in `block in call'
  activesupport (4.2.11) lib/active_support/callbacks.rb:88:in `__run_callbacks__'
  activesupport (4.2.11) lib/active_support/callbacks.rb:778:in `_run_call_callbacks'
  activesupport (4.2.11) lib/active_support/callbacks.rb:81:in `run_callbacks'
  actionpack (4.2.11) lib/action_dispatch/middleware/callbacks.rb:27:in `call'
  actionpack (4.2.11) lib/action_dispatch/middleware/reloader.rb:73:in `call'
  actionpack (4.2.11) lib/action_dispatch/middleware/remote_ip.rb:78:in `call'
  actionpack (4.2.11) lib/action_dispatch/middleware/debug_exceptions.rb:17:in `call'
  actionpack (4.2.11) lib/action_dispatch/middleware/show_exceptions.rb:30:in `call'
  railties (4.2.11) lib/rails/rack/logger.rb:38:in `call_app'
  railties (4.2.11) lib/rails/rack/logger.rb:20:in `block in call'
  activesupport (4.2.11) lib/active_support/tagged_logging.rb:68:in `block in tagged'
  activesupport (4.2.11) lib/active_support/tagged_logging.rb:26:in `tagged'
  activesupport (4.2.11) lib/active_support/tagged_logging.rb:68:in `tagged'
  railties (4.2.11) lib/rails/rack/logger.rb:20:in `call'
  actionpack (4.2.11) lib/action_dispatch/middleware/request_id.rb:21:in `call'
  rack (1.6.11) lib/rack/methodoverride.rb:22:in `call'
  rack (1.6.11) lib/rack/runtime.rb:18:in `call'
  activesupport (4.2.11) lib/active_support/cache/strategy/local_cache_middleware.rb:28:in `call'
  rack (1.6.11) lib/rack/lock.rb:17:in `call'
  actionpack (4.2.11) lib/action_dispatch/middleware/static.rb:120:in `call'
  rack (1.6.11) lib/rack/sendfile.rb:113:in `call'
  railties (4.2.11) lib/rails/engine.rb:518:in `call'
  railties (4.2.11) lib/rails/application.rb:165:in `call'
  rack (1.6.11) lib/rack/lock.rb:17:in `call'
  rack (1.6.11) lib/rack/content_length.rb:15:in `call'
  rack (1.6.11) lib/rack/handler/webrick.rb:88:in `service'
  /usr/local/rvm/rubies/ruby-2.3.1/lib/ruby/2.3.0/webrick/httpserver.rb:140:in `service'
  /usr/local/rvm/rubies/ruby-2.3.1/lib/ruby/2.3.0/webrick/httpserver.rb:96:in `run'
  /usr/local/rvm/rubies/ruby-2.3.1/lib/ruby/2.3.0/webrick/server.rb:296:in `block in start_thread'


  Rendered /usr/local/rvm/gems/ruby-2.3.1/gems/actionpack-4.2.11/lib/action_dispatch/middleware/templates/rescues/_source.erb (4.7ms)
  Rendered /usr/local/rvm/gems/ruby-2.3.1/gems/actionpack-4.2.11/lib/action_dispatch/middleware/templates/rescues/_trace.html.erb (2.6ms)
  Rendered /usr/local/rvm/gems/ruby-2.3.1/gems/actionpack-4.2.11/lib/action_dispatch/middleware/templates/rescues/_request_and_response.html.erb (0.8ms)
  Rendered /usr/local/rvm/gems/ruby-2.3.1/gems/actionpack-4.2.11/lib/action_dispatch/middleware/templates/rescues/missing_template.html.erb within rescues/layout (22.8ms)
DEPRECATION WARNING: Static attributes will be removed in FactoryBot 5.0. Please use dynamic
attributes instead by wrapping the attribute value in a block:

title { "Computer Science" }

To automatically update from static attributes to dynamic ones,
install rubocop-rspec and run:

rubocop \
  --require rubocop-rspec \
  --only FactoryBot/AttributeDefinedStatically \
  --auto-correct

. (called from block (2 levels) in <top (required)> at /home/stellar-founder-9737/rails-form_for-lab-noukod-000/spec/factories/school_classes.rb:3)
DEPRECATION WARNING: Static attributes will be removed in FactoryBot 5.0. Please use dynamic
attributes instead by wrapping the attribute value in a block:

room_number { 5 }

To automatically update from static attributes to dynamic ones,
install rubocop-rspec and run:

rubocop \
  --require rubocop-rspec \
  --only FactoryBot/AttributeDefinedStatically \
  --auto-correct

. (called from block (2 levels) in <top (required)> at /home/stellar-founder-9737/rails-form_for-lab-noukod-000/spec/factories/school_classes.rb:4)
DEPRECATION WARNING: Static attributes will be removed in FactoryBot 5.0. Please use dynamic
attributes instead by wrapping the attribute value in a block:

first_name { "Daenerys" }

To automatically update from static attributes to dynamic ones,
install rubocop-rspec and run:

rubocop \
  --require rubocop-rspec \
  --only FactoryBot/AttributeDefinedStatically \
  --auto-correct

. (called from block (2 levels) in <top (required)> at /home/stellar-founder-9737/rails-form_for-lab-noukod-000/spec/factories/students.rb:3)
DEPRECATION WARNING: Static attributes will be removed in FactoryBot 5.0. Please use dynamic
attributes instead by wrapping the attribute value in a block:

last_name { "Targaryen" }

To automatically update from static attributes to dynamic ones,
install rubocop-rspec and run:

rubocop \
  --require rubocop-rspec \
  --only FactoryBot/AttributeDefinedStatically \
  --auto-correct

. (called from block (2 levels) in <top (required)> at /home/stellar-founder-9737/rails-form_for-lab-noukod-000/spec/factories/students.rb:4)


Started POST "/students" for 190.102.85.235 at 2019-01-21 17:09:19 +0000
  [1m[36mActiveRecord::SchemaMigration Load (0.2ms)[0m  [1mSELECT "schema_migrations".* FROM "schema_migrations"[0m
Processing by StudentsController#create as HTML
  Parameters: {"utf8"=>"✓", "authenticity_token"=>"KHr+9+Fq5u3fgS+m02Ar0sJiFCcU0beA43QrC4/QPHX+26CEUWuvdf3LE3yJACjPFMekZ2BbScVuTDIPDcDM0w==", "student"=>{"first_name"=>"Samuel", "last_name"=>"Cornet"}, "commit"=>"Create Student"}
  [1m[35m (0.1ms)[0m  begin transaction
  [1m[36mSQL (0.3ms)[0m  [1mINSERT INTO "students" ("first_name", "last_name", "created_at", "updated_at") VALUES (?, ?, ?, ?)[0m  [["first_name", "Samuel"], ["last_name", "Cornet"], ["created_at", "2019-01-21 17:09:20.181884"], ["updated_at", "2019-01-21 17:09:20.181884"]]
  [1m[35m (7.9ms)[0m  commit transaction
Redirected to http://167.99.15.173:55350/students/5
Completed 302 Found in 25ms (ActiveRecord: 8.6ms)


Started GET "/students/5" for 190.102.85.235 at 2019-01-21 17:09:20 +0000
Processing by StudentsController#show as HTML
  Parameters: {"id"=>"5"}
  [1m[36mStudent Load (0.2ms)[0m  [1mSELECT  "students".* FROM "students" WHERE "students"."id" = ? LIMIT 1[0m  [["id", 5]]
  Rendered students/show.html.erb within layouts/application (1.2ms)
Completed 200 OK in 229ms (Views: 221.9ms | ActiveRecord: 0.2ms)


Started GET "/students/5" for 190.102.85.235 at 2019-01-21 17:09:49 +0000
Processing by StudentsController#show as HTML
  Parameters: {"id"=>"5"}
  [1m[35mStudent Load (0.1ms)[0m  SELECT  "students".* FROM "students" WHERE "students"."id" = ? LIMIT 1  [["id", 5]]
  Rendered students/show.html.erb within layouts/application (0.4ms)
Completed 200 OK in 10ms (Views: 8.8ms | ActiveRecord: 0.1ms)


Started GET "/assets/application.self-e80e8f2318043e8af94dddc2adad5a4f09739a8ebb323b3ab31cd71d45fd9113.css?body=1" for 190.102.85.235 at 2019-01-21 17:09:49 +0000


Started GET "/assets/jquery.self-bd7ddd393353a8d2480a622e80342adf488fb6006d667e8b42e4c0073393abee.js?body=1" for 190.102.85.235 at 2019-01-21 17:09:49 +0000


Started GET "/assets/turbolinks.self-569ee74eaa15c1e2019317ff770b8769b1ec033a0f572a485f64c82ddc8f989e.js?body=1" for 190.102.85.235 at 2019-01-21 17:09:49 +0000


Started GET "/assets/application.self-3b8dabdc891efe46b9a144b400ad69e37d7e5876bdc39dee783419a69d7ca819.js?body=1" for 190.102.85.235 at 2019-01-21 17:09:49 +0000


Started GET "/assets/jquery_ujs.self-784a997f6726036b1993eb2217c9cb558e1cbb801c6da88105588c56f13b466a.js?body=1" for 190.102.85.235 at 2019-01-21 17:09:49 +0000


Started GET "/school_classes/new" for 190.102.85.235 at 2019-01-21 17:10:23 +0000
Processing by SchoolClassesController#new as HTML
  Rendered school_classes/new.html.erb within layouts/application (11.0ms)
Completed 200 OK in 27ms (Views: 22.4ms | ActiveRecord: 0.3ms)


Started POST "/school_classes" for 190.102.85.235 at 2019-01-21 17:10:43 +0000
Processing by SchoolClassesController#create as HTML
  Parameters: {"utf8"=>"✓", "authenticity_token"=>"fGzaqBkI50nUgQaW14qCjFS+wFNcx1AangmYse5zYXaqzYTbqQmu0fbLOkyN6oGRghtwEyhNrl8TMYG1bGOR0A==", "school_class"=>{"title"=>"Uopeople", "room_number"=>"55"}, "commit"=>"Create School class"}
  [1m[36m (0.1ms)[0m  [1mbegin transaction[0m
  [1m[35mSQL (0.5ms)[0m  INSERT INTO "school_classes" ("title", "room_number", "created_at", "updated_at") VALUES (?, ?, ?, ?)  [["title", "Uopeople"], ["room_number", 55], ["created_at", "2019-01-21 17:10:43.862132"], ["updated_at", "2019-01-21 17:10:43.862132"]]
  [1m[36m (50.4ms)[0m  [1mcommit transaction[0m
Redirected to http://167.99.15.173:55350/school_classes/2
Completed 302 Found in 55ms (ActiveRecord: 51.0ms)


Started GET "/school_classes/2" for 190.102.85.235 at 2019-01-21 17:10:44 +0000
Processing by SchoolClassesController#show as HTML
  Parameters: {"id"=>"2"}
  [1m[35mSchoolClass Load (0.3ms)[0m  SELECT  "school_classes".* FROM "school_classes" WHERE "school_classes"."id" = ? LIMIT 1  [["id", 2]]
  Rendered school_classes/show.html.erb within layouts/application (46.9ms)
Completed 500 Internal Server Error in 51ms (ActiveRecord: 0.3ms)

ActionView::Template::Error (undefined local variable or method `school_class' for #<#<Class:0x007fa96602b018>:0x007fa965d9c928>
Did you mean?  @school_class):
    1: <%= @school_class.title school_class.room_number %>
  app/views/school_classes/show.html.erb:1:in `_app_views_school_classes_show_html_erb___4100904200768039158_70182552099520'


  Rendered /usr/local/rvm/gems/ruby-2.3.1/gems/actionpack-4.2.11/lib/action_dispatch/middleware/templates/rescues/_source.erb (7.1ms)
  Rendered /usr/local/rvm/gems/ruby-2.3.1/gems/actionpack-4.2.11/lib/action_dispatch/middleware/templates/rescues/_trace.html.erb (3.3ms)
  Rendered /usr/local/rvm/gems/ruby-2.3.1/gems/actionpack-4.2.11/lib/action_dispatch/middleware/templates/rescues/_request_and_response.html.erb (0.8ms)
  Rendered /usr/local/rvm/gems/ruby-2.3.1/gems/actionpack-4.2.11/lib/action_dispatch/middleware/templates/rescues/template_error.html.erb within rescues/layout (26.8ms)


Started GET "/school_classes/2" for 190.102.85.235 at 2019-01-21 17:11:28 +0000
Processing by SchoolClassesController#show as HTML
  Parameters: {"id"=>"2"}
  [1m[36mSchoolClass Load (0.1ms)[0m  [1mSELECT  "school_classes".* FROM "school_classes" WHERE "school_classes"."id" = ? LIMIT 1[0m  [["id", 2]]
  Rendered school_classes/show.html.erb within layouts/application (0.6ms)
Completed 200 OK in 12ms (Views: 10.8ms | ActiveRecord: 0.1ms)


Started GET "/assets/application.self-e80e8f2318043e8af94dddc2adad5a4f09739a8ebb323b3ab31cd71d45fd9113.css?body=1" for 190.102.85.235 at 2019-01-21 17:11:28 +0000


Started GET "/assets/jquery.self-bd7ddd393353a8d2480a622e80342adf488fb6006d667e8b42e4c0073393abee.js?body=1" for 190.102.85.235 at 2019-01-21 17:11:28 +0000


Started GET "/assets/jquery_ujs.self-784a997f6726036b1993eb2217c9cb558e1cbb801c6da88105588c56f13b466a.js?body=1" for 190.102.85.235 at 2019-01-21 17:11:28 +0000


Started GET "/assets/turbolinks.self-569ee74eaa15c1e2019317ff770b8769b1ec033a0f572a485f64c82ddc8f989e.js?body=1" for 190.102.85.235 at 2019-01-21 17:11:28 +0000


Started GET "/assets/application.self-3b8dabdc891efe46b9a144b400ad69e37d7e5876bdc39dee783419a69d7ca819.js?body=1" for 190.102.85.235 at 2019-01-21 17:11:28 +0000


Started GET "/school_classes/2" for 190.102.85.235 at 2019-01-21 17:11:39 +0000
Processing by SchoolClassesController#show as HTML
  Parameters: {"id"=>"2"}
  [1m[35mSchoolClass Load (0.1ms)[0m  SELECT  "school_classes".* FROM "school_classes" WHERE "school_classes"."id" = ? LIMIT 1  [["id", 2]]
  Rendered school_classes/show.html.erb within layouts/application (0.6ms)
Completed 200 OK in 14ms (Views: 12.8ms | ActiveRecord: 0.1ms)


Started GET "/assets/application.self-e80e8f2318043e8af94dddc2adad5a4f09739a8ebb323b3ab31cd71d45fd9113.css?body=1" for 190.102.85.235 at 2019-01-21 17:11:39 +0000


Started GET "/assets/jquery.self-bd7ddd393353a8d2480a622e80342adf488fb6006d667e8b42e4c0073393abee.js?body=1" for 190.102.85.235 at 2019-01-21 17:11:39 +0000


Started GET "/assets/turbolinks.self-569ee74eaa15c1e2019317ff770b8769b1ec033a0f572a485f64c82ddc8f989e.js?body=1" for 190.102.85.235 at 2019-01-21 17:11:39 +0000


Started GET "/assets/jquery_ujs.self-784a997f6726036b1993eb2217c9cb558e1cbb801c6da88105588c56f13b466a.js?body=1" for 190.102.85.235 at 2019-01-21 17:11:39 +0000


Started GET "/assets/application.self-3b8dabdc891efe46b9a144b400ad69e37d7e5876bdc39dee783419a69d7ca819.js?body=1" for 190.102.85.235 at 2019-01-21 17:11:39 +0000
DEPRECATION WARNING: Static attributes will be removed in FactoryBot 5.0. Please use dynamic
attributes instead by wrapping the attribute value in a block:

title { "Computer Science" }

To automatically update from static attributes to dynamic ones,
install rubocop-rspec and run:

rubocop \
  --require rubocop-rspec \
  --only FactoryBot/AttributeDefinedStatically \
  --auto-correct

. (called from block (2 levels) in <top (required)> at /home/stellar-founder-9737/rails-form_for-lab-noukod-000/spec/factories/school_classes.rb:3)
DEPRECATION WARNING: Static attributes will be removed in FactoryBot 5.0. Please use dynamic
attributes instead by wrapping the attribute value in a block:

room_number { 5 }

To automatically update from static attributes to dynamic ones,
install rubocop-rspec and run:

rubocop \
  --require rubocop-rspec \
  --only FactoryBot/AttributeDefinedStatically \
  --auto-correct

. (called from block (2 levels) in <top (required)> at /home/stellar-founder-9737/rails-form_for-lab-noukod-000/spec/factories/school_classes.rb:4)
DEPRECATION WARNING: Static attributes will be removed in FactoryBot 5.0. Please use dynamic
attributes instead by wrapping the attribute value in a block:

first_name { "Daenerys" }

To automatically update from static attributes to dynamic ones,
install rubocop-rspec and run:

rubocop \
  --require rubocop-rspec \
  --only FactoryBot/AttributeDefinedStatically \
  --auto-correct

. (called from block (2 levels) in <top (required)> at /home/stellar-founder-9737/rails-form_for-lab-noukod-000/spec/factories/students.rb:3)
DEPRECATION WARNING: Static attributes will be removed in FactoryBot 5.0. Please use dynamic
attributes instead by wrapping the attribute value in a block:

last_name { "Targaryen" }

To automatically update from static attributes to dynamic ones,
install rubocop-rspec and run:

rubocop \
  --require rubocop-rspec \
  --only FactoryBot/AttributeDefinedStatically \
  --auto-correct

. (called from block (2 levels) in <top (required)> at /home/stellar-founder-9737/rails-form_for-lab-noukod-000/spec/factories/students.rb:4)


Started POST "/school_classes" for 190.102.85.235 at 2019-01-21 17:12:53 +0000
  [1m[36mActiveRecord::SchemaMigration Load (0.1ms)[0m  [1mSELECT "schema_migrations".* FROM "schema_migrations"[0m
Processing by SchoolClassesController#create as HTML
  Parameters: {"utf8"=>"✓", "authenticity_token"=>"fGzaqBkI50nUgQaW14qCjFS+wFNcx1AangmYse5zYXaqzYTbqQmu0fbLOkyN6oGRghtwEyhNrl8TMYG1bGOR0A==", "school_class"=>{"title"=>"MIT", "room_number"=>"109"}, "commit"=>"Create School class"}
  [1m[35m (0.1ms)[0m  begin transaction
  [1m[36mSQL (0.3ms)[0m  [1mINSERT INTO "school_classes" ("title", "room_number", "created_at", "updated_at") VALUES (?, ?, ?, ?)[0m  [["title", "MIT"], ["room_number", 109], ["created_at", "2019-01-21 17:12:53.592031"], ["updated_at", "2019-01-21 17:12:53.592031"]]
  [1m[35m (4.3ms)[0m  commit transaction
Redirected to http://167.99.15.173:55350/school_classes/3
Completed 302 Found in 22ms (ActiveRecord: 5.0ms)


Started GET "/school_classes/3" for 190.102.85.235 at 2019-01-21 17:12:53 +0000
Processing by SchoolClassesController#show as HTML
  Parameters: {"id"=>"3"}
  [1m[36mSchoolClass Load (0.2ms)[0m  [1mSELECT  "school_classes".* FROM "school_classes" WHERE "school_classes"."id" = ? LIMIT 1[0m  [["id", 3]]
  Rendered school_classes/show.html.erb within layouts/application (1.2ms)
Completed 200 OK in 226ms (Views: 217.2ms | ActiveRecord: 0.2ms)
DEPRECATION WARNING: Static attributes will be removed in FactoryBot 5.0. Please use dynamic
attributes instead by wrapping the attribute value in a block:

title { "Computer Science" }

To automatically update from static attributes to dynamic ones,
install rubocop-rspec and run:

rubocop \
  --require rubocop-rspec \
  --only FactoryBot/AttributeDefinedStatically \
  --auto-correct

. (called from block (2 levels) in <top (required)> at /home/stellar-founder-9737/rails-form_for-lab-noukod-000/spec/factories/school_classes.rb:3)
DEPRECATION WARNING: Static attributes will be removed in FactoryBot 5.0. Please use dynamic
attributes instead by wrapping the attribute value in a block:

room_number { 5 }

To automatically update from static attributes to dynamic ones,
install rubocop-rspec and run:

rubocop \
  --require rubocop-rspec \
  --only FactoryBot/AttributeDefinedStatically \
  --auto-correct

. (called from block (2 levels) in <top (required)> at /home/stellar-founder-9737/rails-form_for-lab-noukod-000/spec/factories/school_classes.rb:4)
DEPRECATION WARNING: Static attributes will be removed in FactoryBot 5.0. Please use dynamic
attributes instead by wrapping the attribute value in a block:

first_name { "Daenerys" }

To automatically update from static attributes to dynamic ones,
install rubocop-rspec and run:

rubocop \
  --require rubocop-rspec \
  --only FactoryBot/AttributeDefinedStatically \
  --auto-correct

. (called from block (2 levels) in <top (required)> at /home/stellar-founder-9737/rails-form_for-lab-noukod-000/spec/factories/students.rb:3)
DEPRECATION WARNING: Static attributes will be removed in FactoryBot 5.0. Please use dynamic
attributes instead by wrapping the attribute value in a block:

last_name { "Targaryen" }

To automatically update from static attributes to dynamic ones,
install rubocop-rspec and run:

rubocop \
  --require rubocop-rspec \
  --only FactoryBot/AttributeDefinedStatically \
  --auto-correct

. (called from block (2 levels) in <top (required)> at /home/stellar-founder-9737/rails-form_for-lab-noukod-000/spec/factories/students.rb:4)


Started GET "/school_classes/" for 190.102.85.235 at 2019-01-21 17:19:40 +0000
  [1m[36mActiveRecord::SchemaMigration Load (0.2ms)[0m  [1mSELECT "schema_migrations".* FROM "schema_migrations"[0m

ActionController::RoutingError (No route matches [GET] "/school_classes"):
  actionpack (4.2.11) lib/action_dispatch/middleware/debug_exceptions.rb:21:in `call'
  actionpack (4.2.11) lib/action_dispatch/middleware/show_exceptions.rb:30:in `call'
  railties (4.2.11) lib/rails/rack/logger.rb:38:in `call_app'
  railties (4.2.11) lib/rails/rack/logger.rb:20:in `block in call'
  activesupport (4.2.11) lib/active_support/tagged_logging.rb:68:in `block in tagged'
  activesupport (4.2.11) lib/active_support/tagged_logging.rb:26:in `tagged'
  activesupport (4.2.11) lib/active_support/tagged_logging.rb:68:in `tagged'
  railties (4.2.11) lib/rails/rack/logger.rb:20:in `call'
  actionpack (4.2.11) lib/action_dispatch/middleware/request_id.rb:21:in `call'
  rack (1.6.11) lib/rack/methodoverride.rb:22:in `call'
  rack (1.6.11) lib/rack/runtime.rb:18:in `call'
  activesupport (4.2.11) lib/active_support/cache/strategy/local_cache_middleware.rb:28:in `call'
  rack (1.6.11) lib/rack/lock.rb:17:in `call'
  actionpack (4.2.11) lib/action_dispatch/middleware/static.rb:120:in `call'
  rack (1.6.11) lib/rack/sendfile.rb:113:in `call'
  railties (4.2.11) lib/rails/engine.rb:518:in `call'
  railties (4.2.11) lib/rails/application.rb:165:in `call'
  rack (1.6.11) lib/rack/lock.rb:17:in `call'
  rack (1.6.11) lib/rack/content_length.rb:15:in `call'
  rack (1.6.11) lib/rack/handler/webrick.rb:88:in `service'
  /usr/local/rvm/rubies/ruby-2.3.1/lib/ruby/2.3.0/webrick/httpserver.rb:140:in `service'
  /usr/local/rvm/rubies/ruby-2.3.1/lib/ruby/2.3.0/webrick/httpserver.rb:96:in `run'
  /usr/local/rvm/rubies/ruby-2.3.1/lib/ruby/2.3.0/webrick/server.rb:296:in `block in start_thread'


  Rendered /usr/local/rvm/gems/ruby-2.3.1/gems/actionpack-4.2.11/lib/action_dispatch/middleware/templates/rescues/_trace.html.erb (1.1ms)
  Rendered /usr/local/rvm/gems/ruby-2.3.1/gems/actionpack-4.2.11/lib/action_dispatch/middleware/templates/routes/_route.html.erb (0.9ms)
  Rendered /usr/local/rvm/gems/ruby-2.3.1/gems/actionpack-4.2.11/lib/action_dispatch/middleware/templates/routes/_table.html.erb (6.1ms)
  Rendered /usr/local/rvm/gems/ruby-2.3.1/gems/actionpack-4.2.11/lib/action_dispatch/middleware/templates/rescues/_request_and_response.html.erb (8.8ms)
  Rendered /usr/local/rvm/gems/ruby-2.3.1/gems/actionpack-4.2.11/lib/action_dispatch/middleware/templates/rescues/routing_error.html.erb within rescues/layout (36.5ms)


Started GET "/school_classes/2/" for 190.102.85.235 at 2019-01-21 17:19:52 +0000
Processing by SchoolClassesController#show as HTML
  Parameters: {"id"=>"2"}
  [1m[35mSchoolClass Load (0.2ms)[0m  SELECT  "school_classes".* FROM "school_classes" WHERE "school_classes"."id" = ? LIMIT 1  [["id", 2]]
  Rendered school_classes/show.html.erb within layouts/application (0.5ms)
Completed 200 OK in 252ms (Views: 238.0ms | ActiveRecord: 0.7ms)


Started GET "/school_classes/2/edit" for 190.102.85.235 at 2019-01-21 17:19:58 +0000
Processing by SchoolClassesController#edit as HTML
  Parameters: {"id"=>"2"}
  [1m[36mSchoolClass Load (0.1ms)[0m  [1mSELECT  "school_classes".* FROM "school_classes" WHERE "school_classes"."id" = ? LIMIT 1[0m  [["id", 2]]
  Rendered school_classes/edit.html.erb within layouts/application (10.1ms)
Completed 200 OK in 21ms (Views: 20.2ms | ActiveRecord: 0.1ms)


Started PATCH "/school_classes/2" for 190.102.85.235 at 2019-01-21 17:20:07 +0000
Processing by SchoolClassesController#update as HTML
  Parameters: {"utf8"=>"✓", "authenticity_token"=>"LbrQ3rXLWomxsIfrcT6e1tcnVZYizcDDmJswlM1PsIf7G46tBcoTEZP6uzErXp3LAYLl1lZHPoYVoymQT19AIQ==", "school_class"=>{"title"=>"Uopeople 44", "room_number"=>"2222"}, "commit"=>"Update School class", "id"=>"2"}
  [1m[35mSchoolClass Load (0.1ms)[0m  SELECT  "school_classes".* FROM "school_classes" WHERE "school_classes"."id" = ? LIMIT 1  [["id", 2]]
Unpermitted parameter: room_number
  [1m[36m (0.1ms)[0m  [1mbegin transaction[0m
  [1m[35mSQL (0.4ms)[0m  UPDATE "school_classes" SET "title" = ?, "updated_at" = ? WHERE "school_classes"."id" = ?  [["title", "Uopeople 44"], ["updated_at", "2019-01-21 17:20:07.826083"], ["id", 2]]
  [1m[36m (83.9ms)[0m  [1mcommit transaction[0m
Redirected to http://167.99.15.173:55350/school_classes/2
Completed 302 Found in 89ms (ActiveRecord: 84.5ms)


Started GET "/school_classes/2" for 190.102.85.235 at 2019-01-21 17:20:08 +0000
Processing by SchoolClassesController#show as HTML
  Parameters: {"id"=>"2"}
  [1m[35mSchoolClass Load (0.2ms)[0m  SELECT  "school_classes".* FROM "school_classes" WHERE "school_classes"."id" = ? LIMIT 1  [["id", 2]]
  Rendered school_classes/show.html.erb within layouts/application (0.1ms)
Completed 200 OK in 11ms (Views: 9.7ms | ActiveRecord: 0.2ms)
